<?xml version="1.0" encoding="UTF-8"?>
<testsuite xmlns:xsi="http://www.w3.org/2001/XMLSchema-instance" xsi:noNamespaceSchemaLocation="https://maven.apache.org/surefire/maven-surefire-plugin/xsd/surefire-test-report.xsd" name="com.example.demo.DemoApplicationTests" time="4.326" tests="1" errors="0" skipped="0" failures="0">
  <properties>
    <property name="sun.desktop" value="windows"/>
    <property name="awt.toolkit" value="sun.awt.windows.WToolkit"/>
    <property name="file.encoding.pkg" value="sun.io"/>
    <property name="java.specification.version" value="1.8"/>
    <property name="sun.cpu.isalist" value="amd64"/>
    <property name="sun.jnu.encoding" value="GBK"/>
    <property name="java.class.path" value="D:\IdeaProjects\demo-boot\target\test-classes;D:\IdeaProjects\demo-boot\target\classes;E:\maven_repository\maven_repository\org\webjars\jquery\3.3.1\jquery-3.3.1.jar;E:\maven_repository\maven_repository\org\webjars\bootstrap\4.0.0\bootstrap-4.0.0.jar;E:\maven_repository\maven_repository\org\webjars\npm\popper.js\1.11.1\popper.js-1.11.1.jar;E:\maven_repository\maven_repository\org\springframework\boot\spring-boot-starter-thymeleaf\2.3.1.RELEASE\spring-boot-starter-thymeleaf-2.3.1.RELEASE.jar;E:\maven_repository\maven_repository\org\springframework\boot\spring-boot-starter\2.3.1.RELEASE\spring-boot-starter-2.3.1.RELEASE.jar;E:\maven_repository\maven_repository\org\springframework\boot\spring-boot-starter-logging\2.3.1.RELEASE\spring-boot-starter-logging-2.3.1.RELEASE.jar;E:\maven_repository\maven_repository\ch\qos\logback\logback-classic\1.2.3\logback-classic-1.2.3.jar;E:\maven_repository\maven_repository\ch\qos\logback\logback-core\1.2.3\logback-core-1.2.3.jar;E:\maven_repository\maven_repository\org\apache\logging\log4j\log4j-to-slf4j\2.13.3\log4j-to-slf4j-2.13.3.jar;E:\maven_repository\maven_repository\org\apache\logging\log4j\log4j-api\2.13.3\log4j-api-2.13.3.jar;E:\maven_repository\maven_repository\org\slf4j\jul-to-slf4j\1.7.30\jul-to-slf4j-1.7.30.jar;E:\maven_repository\maven_repository\jakarta\annotation\jakarta.annotation-api\1.3.5\jakarta.annotation-api-1.3.5.jar;E:\maven_repository\maven_repository\org\yaml\snakeyaml\1.26\snakeyaml-1.26.jar;E:\maven_repository\maven_repository\org\thymeleaf\thymeleaf-spring5\3.0.11.RELEASE\thymeleaf-spring5-3.0.11.RELEASE.jar;E:\maven_repository\maven_repository\org\thymeleaf\thymeleaf\3.0.11.RELEASE\thymeleaf-3.0.11.RELEASE.jar;E:\maven_repository\maven_repository\org\attoparser\attoparser\2.0.5.RELEASE\attoparser-2.0.5.RELEASE.jar;E:\maven_repository\maven_repository\org\unbescape\unbescape\1.1.6.RELEASE\unbescape-1.1.6.RELEASE.jar;E:\maven_repository\maven_repository\org\slf4j\slf4j-api\1.7.30\slf4j-api-1.7.30.jar;E:\maven_repository\maven_repository\org\thymeleaf\extras\thymeleaf-extras-java8time\3.0.4.RELEASE\thymeleaf-extras-java8time-3.0.4.RELEASE.jar;E:\maven_repository\maven_repository\org\springframework\boot\spring-boot-starter-web\2.3.1.RELEASE\spring-boot-starter-web-2.3.1.RELEASE.jar;E:\maven_repository\maven_repository\org\springframework\boot\spring-boot-starter-json\2.3.1.RELEASE\spring-boot-starter-json-2.3.1.RELEASE.jar;E:\maven_repository\maven_repository\com\fasterxml\jackson\core\jackson-databind\2.11.0\jackson-databind-2.11.0.jar;E:\maven_repository\maven_repository\com\fasterxml\jackson\core\jackson-annotations\2.11.0\jackson-annotations-2.11.0.jar;E:\maven_repository\maven_repository\com\fasterxml\jackson\core\jackson-core\2.11.0\jackson-core-2.11.0.jar;E:\maven_repository\maven_repository\com\fasterxml\jackson\datatype\jackson-datatype-jdk8\2.11.0\jackson-datatype-jdk8-2.11.0.jar;E:\maven_repository\maven_repository\com\fasterxml\jackson\datatype\jackson-datatype-jsr310\2.11.0\jackson-datatype-jsr310-2.11.0.jar;E:\maven_repository\maven_repository\com\fasterxml\jackson\module\jackson-module-parameter-names\2.11.0\jackson-module-parameter-names-2.11.0.jar;E:\maven_repository\maven_repository\org\springframework\boot\spring-boot-starter-tomcat\2.3.1.RELEASE\spring-boot-starter-tomcat-2.3.1.RELEASE.jar;E:\maven_repository\maven_repository\org\apache\tomcat\embed\tomcat-embed-core\9.0.36\tomcat-embed-core-9.0.36.jar;E:\maven_repository\maven_repository\org\glassfish\jakarta.el\3.0.3\jakarta.el-3.0.3.jar;E:\maven_repository\maven_repository\org\apache\tomcat\embed\tomcat-embed-websocket\9.0.36\tomcat-embed-websocket-9.0.36.jar;E:\maven_repository\maven_repository\org\springframework\spring-web\5.2.7.RELEASE\spring-web-5.2.7.RELEASE.jar;E:\maven_repository\maven_repository\org\springframework\spring-beans\5.2.7.RELEASE\spring-beans-5.2.7.RELEASE.jar;E:\maven_repository\maven_repository\org\springframework\spring-webmvc\5.2.7.RELEASE\spring-webmvc-5.2.7.RELEASE.jar;E:\maven_repository\maven_repository\org\springframework\spring-aop\5.2.7.RELEASE\spring-aop-5.2.7.RELEASE.jar;E:\maven_repository\maven_repository\org\springframework\spring-expression\5.2.7.RELEASE\spring-expression-5.2.7.RELEASE.jar;E:\maven_repository\maven_repository\org\springframework\boot\spring-boot-devtools\2.3.1.RELEASE\spring-boot-devtools-2.3.1.RELEASE.jar;E:\maven_repository\maven_repository\org\springframework\boot\spring-boot-starter-test\2.3.1.RELEASE\spring-boot-starter-test-2.3.1.RELEASE.jar;E:\maven_repository\maven_repository\org\springframework\boot\spring-boot-test\2.3.1.RELEASE\spring-boot-test-2.3.1.RELEASE.jar;E:\maven_repository\maven_repository\org\springframework\boot\spring-boot-test-autoconfigure\2.3.1.RELEASE\spring-boot-test-autoconfigure-2.3.1.RELEASE.jar;E:\maven_repository\maven_repository\com\jayway\jsonpath\json-path\2.4.0\json-path-2.4.0.jar;E:\maven_repository\maven_repository\net\minidev\json-smart\2.3\json-smart-2.3.jar;E:\maven_repository\maven_repository\net\minidev\accessors-smart\1.2\accessors-smart-1.2.jar;E:\maven_repository\maven_repository\org\ow2\asm\asm\5.0.4\asm-5.0.4.jar;E:\maven_repository\maven_repository\jakarta\xml\bind\jakarta.xml.bind-api\2.3.3\jakarta.xml.bind-api-2.3.3.jar;E:\maven_repository\maven_repository\jakarta\activation\jakarta.activation-api\1.2.2\jakarta.activation-api-1.2.2.jar;E:\maven_repository\maven_repository\org\assertj\assertj-core\3.16.1\assertj-core-3.16.1.jar;E:\maven_repository\maven_repository\org\hamcrest\hamcrest\2.2\hamcrest-2.2.jar;E:\maven_repository\maven_repository\org\junit\jupiter\junit-jupiter\5.6.2\junit-jupiter-5.6.2.jar;E:\maven_repository\maven_repository\org\junit\jupiter\junit-jupiter-api\5.6.2\junit-jupiter-api-5.6.2.jar;E:\maven_repository\maven_repository\org\apiguardian\apiguardian-api\1.1.0\apiguardian-api-1.1.0.jar;E:\maven_repository\maven_repository\org\opentest4j\opentest4j\1.2.0\opentest4j-1.2.0.jar;E:\maven_repository\maven_repository\org\junit\platform\junit-platform-commons\1.6.2\junit-platform-commons-1.6.2.jar;E:\maven_repository\maven_repository\org\junit\jupiter\junit-jupiter-params\5.6.2\junit-jupiter-params-5.6.2.jar;E:\maven_repository\maven_repository\org\junit\jupiter\junit-jupiter-engine\5.6.2\junit-jupiter-engine-5.6.2.jar;E:\maven_repository\maven_repository\org\junit\platform\junit-platform-engine\1.6.2\junit-platform-engine-1.6.2.jar;E:\maven_repository\maven_repository\org\mockito\mockito-core\3.3.3\mockito-core-3.3.3.jar;E:\maven_repository\maven_repository\net\bytebuddy\byte-buddy\1.10.11\byte-buddy-1.10.11.jar;E:\maven_repository\maven_repository\net\bytebuddy\byte-buddy-agent\1.10.11\byte-buddy-agent-1.10.11.jar;E:\maven_repository\maven_repository\org\objenesis\objenesis\2.6\objenesis-2.6.jar;E:\maven_repository\maven_repository\org\mockito\mockito-junit-jupiter\3.3.3\mockito-junit-jupiter-3.3.3.jar;E:\maven_repository\maven_repository\org\skyscreamer\jsonassert\1.5.0\jsonassert-1.5.0.jar;E:\maven_repository\maven_repository\com\vaadin\external\google\android-json\0.0.20131108.vaadin1\android-json-0.0.20131108.vaadin1.jar;E:\maven_repository\maven_repository\org\springframework\spring-core\5.2.7.RELEASE\spring-core-5.2.7.RELEASE.jar;E:\maven_repository\maven_repository\org\springframework\spring-jcl\5.2.7.RELEASE\spring-jcl-5.2.7.RELEASE.jar;E:\maven_repository\maven_repository\org\springframework\spring-test\5.2.7.RELEASE\spring-test-5.2.7.RELEASE.jar;E:\maven_repository\maven_repository\org\xmlunit\xmlunit-core\2.7.0\xmlunit-core-2.7.0.jar;E:\maven_repository\maven_repository\org\springframework\boot\spring-boot-autoconfigure\2.3.1.RELEASE\spring-boot-autoconfigure-2.3.1.RELEASE.jar;E:\maven_repository\maven_repository\junit\junit\4.13\junit-4.13.jar;E:\maven_repository\maven_repository\org\hamcrest\hamcrest-core\2.2\hamcrest-core-2.2.jar;E:\maven_repository\maven_repository\org\springframework\boot\spring-boot\2.3.1.RELEASE\spring-boot-2.3.1.RELEASE.jar;E:\maven_repository\maven_repository\org\springframework\spring-context\5.2.7.RELEASE\spring-context-5.2.7.RELEASE.jar;E:\maven_repository\maven_repository\mysql\mysql-connector-java\8.0.20\mysql-connector-java-8.0.20.jar;E:\maven_repository\maven_repository\com\alibaba\druid\1.0.9\druid-1.0.9.jar;E:\JDK8_64\jre\..\lib\jconsole.jar;E:\JDK8_64\jre\..\lib\tools.jar;E:\maven_repository\maven_repository\org\mybatis\spring\boot\mybatis-spring-boot-starter\1.3.1\mybatis-spring-boot-starter-1.3.1.jar;E:\maven_repository\maven_repository\org\springframework\boot\spring-boot-starter-jdbc\2.3.1.RELEASE\spring-boot-starter-jdbc-2.3.1.RELEASE.jar;E:\maven_repository\maven_repository\com\zaxxer\HikariCP\3.4.5\HikariCP-3.4.5.jar;E:\maven_repository\maven_repository\org\springframework\spring-jdbc\5.2.7.RELEASE\spring-jdbc-5.2.7.RELEASE.jar;E:\maven_repository\maven_repository\org\springframework\spring-tx\5.2.7.RELEASE\spring-tx-5.2.7.RELEASE.jar;E:\maven_repository\maven_repository\org\mybatis\spring\boot\mybatis-spring-boot-autoconfigure\1.3.1\mybatis-spring-boot-autoconfigure-1.3.1.jar;E:\maven_repository\maven_repository\org\mybatis\mybatis\3.4.5\mybatis-3.4.5.jar;E:\maven_repository\maven_repository\org\mybatis\mybatis-spring\1.3.1\mybatis-spring-1.3.1.jar;"/>
    <property name="java.vm.vendor" value="Oracle Corporation"/>
    <property name="sun.arch.data.model" value="64"/>
    <property name="user.variant" value=""/>
    <property name="java.vendor.url" value="http://java.oracle.com/"/>
    <property name="user.timezone" value="Asia/Shanghai"/>
    <property name="java.vm.specification.version" value="1.8"/>
    <property name="os.name" value="Windows 8.1"/>
    <property name="user.country" value="CN"/>
    <property name="sun.java.launcher" value="SUN_STANDARD"/>
    <property name="sun.boot.library.path" value="E:\JDK8_64\jre\bin"/>
    <property name="sun.java.command" value="C:\Users\hezhicai\AppData\Local\Temp\surefire3796838114796024983\surefirebooter6836966155259190580.jar C:\Users\hezhicai\AppData\Local\Temp\surefire3796838114796024983 2020-07-27T16-20-38_282-jvmRun1 surefire9121638441976104240tmp surefire_04483220489339744924tmp"/>
    <property name="surefire.test.class.path" value="D:\IdeaProjects\demo-boot\target\test-classes;D:\IdeaProjects\demo-boot\target\classes;E:\maven_repository\maven_repository\org\webjars\jquery\3.3.1\jquery-3.3.1.jar;E:\maven_repository\maven_repository\org\webjars\bootstrap\4.0.0\bootstrap-4.0.0.jar;E:\maven_repository\maven_repository\org\webjars\npm\popper.js\1.11.1\popper.js-1.11.1.jar;E:\maven_repository\maven_repository\org\springframework\boot\spring-boot-starter-thymeleaf\2.3.1.RELEASE\spring-boot-starter-thymeleaf-2.3.1.RELEASE.jar;E:\maven_repository\maven_repository\org\springframework\boot\spring-boot-starter\2.3.1.RELEASE\spring-boot-starter-2.3.1.RELEASE.jar;E:\maven_repository\maven_repository\org\springframework\boot\spring-boot-starter-logging\2.3.1.RELEASE\spring-boot-starter-logging-2.3.1.RELEASE.jar;E:\maven_repository\maven_repository\ch\qos\logback\logback-classic\1.2.3\logback-classic-1.2.3.jar;E:\maven_repository\maven_repository\ch\qos\logback\logback-core\1.2.3\logback-core-1.2.3.jar;E:\maven_repository\maven_repository\org\apache\logging\log4j\log4j-to-slf4j\2.13.3\log4j-to-slf4j-2.13.3.jar;E:\maven_repository\maven_repository\org\apache\logging\log4j\log4j-api\2.13.3\log4j-api-2.13.3.jar;E:\maven_repository\maven_repository\org\slf4j\jul-to-slf4j\1.7.30\jul-to-slf4j-1.7.30.jar;E:\maven_repository\maven_repository\jakarta\annotation\jakarta.annotation-api\1.3.5\jakarta.annotation-api-1.3.5.jar;E:\maven_repository\maven_repository\org\yaml\snakeyaml\1.26\snakeyaml-1.26.jar;E:\maven_repository\maven_repository\org\thymeleaf\thymeleaf-spring5\3.0.11.RELEASE\thymeleaf-spring5-3.0.11.RELEASE.jar;E:\maven_repository\maven_repository\org\thymeleaf\thymeleaf\3.0.11.RELEASE\thymeleaf-3.0.11.RELEASE.jar;E:\maven_repository\maven_repository\org\attoparser\attoparser\2.0.5.RELEASE\attoparser-2.0.5.RELEASE.jar;E:\maven_repository\maven_repository\org\unbescape\unbescape\1.1.6.RELEASE\unbescape-1.1.6.RELEASE.jar;E:\maven_repository\maven_repository\org\slf4j\slf4j-api\1.7.30\slf4j-api-1.7.30.jar;E:\maven_repository\maven_repository\org\thymeleaf\extras\thymeleaf-extras-java8time\3.0.4.RELEASE\thymeleaf-extras-java8time-3.0.4.RELEASE.jar;E:\maven_repository\maven_repository\org\springframework\boot\spring-boot-starter-web\2.3.1.RELEASE\spring-boot-starter-web-2.3.1.RELEASE.jar;E:\maven_repository\maven_repository\org\springframework\boot\spring-boot-starter-json\2.3.1.RELEASE\spring-boot-starter-json-2.3.1.RELEASE.jar;E:\maven_repository\maven_repository\com\fasterxml\jackson\core\jackson-databind\2.11.0\jackson-databind-2.11.0.jar;E:\maven_repository\maven_repository\com\fasterxml\jackson\core\jackson-annotations\2.11.0\jackson-annotations-2.11.0.jar;E:\maven_repository\maven_repository\com\fasterxml\jackson\core\jackson-core\2.11.0\jackson-core-2.11.0.jar;E:\maven_repository\maven_repository\com\fasterxml\jackson\datatype\jackson-datatype-jdk8\2.11.0\jackson-datatype-jdk8-2.11.0.jar;E:\maven_repository\maven_repository\com\fasterxml\jackson\datatype\jackson-datatype-jsr310\2.11.0\jackson-datatype-jsr310-2.11.0.jar;E:\maven_repository\maven_repository\com\fasterxml\jackson\module\jackson-module-parameter-names\2.11.0\jackson-module-parameter-names-2.11.0.jar;E:\maven_repository\maven_repository\org\springframework\boot\spring-boot-starter-tomcat\2.3.1.RELEASE\spring-boot-starter-tomcat-2.3.1.RELEASE.jar;E:\maven_repository\maven_repository\org\apache\tomcat\embed\tomcat-embed-core\9.0.36\tomcat-embed-core-9.0.36.jar;E:\maven_repository\maven_repository\org\glassfish\jakarta.el\3.0.3\jakarta.el-3.0.3.jar;E:\maven_repository\maven_repository\org\apache\tomcat\embed\tomcat-embed-websocket\9.0.36\tomcat-embed-websocket-9.0.36.jar;E:\maven_repository\maven_repository\org\springframework\spring-web\5.2.7.RELEASE\spring-web-5.2.7.RELEASE.jar;E:\maven_repository\maven_repository\org\springframework\spring-beans\5.2.7.RELEASE\spring-beans-5.2.7.RELEASE.jar;E:\maven_repository\maven_repository\org\springframework\spring-webmvc\5.2.7.RELEASE\spring-webmvc-5.2.7.RELEASE.jar;E:\maven_repository\maven_repository\org\springframework\spring-aop\5.2.7.RELEASE\spring-aop-5.2.7.RELEASE.jar;E:\maven_repository\maven_repository\org\springframework\spring-expression\5.2.7.RELEASE\spring-expression-5.2.7.RELEASE.jar;E:\maven_repository\maven_repository\org\springframework\boot\spring-boot-devtools\2.3.1.RELEASE\spring-boot-devtools-2.3.1.RELEASE.jar;E:\maven_repository\maven_repository\org\springframework\boot\spring-boot-starter-test\2.3.1.RELEASE\spring-boot-starter-test-2.3.1.RELEASE.jar;E:\maven_repository\maven_repository\org\springframework\boot\spring-boot-test\2.3.1.RELEASE\spring-boot-test-2.3.1.RELEASE.jar;E:\maven_repository\maven_repository\org\springframework\boot\spring-boot-test-autoconfigure\2.3.1.RELEASE\spring-boot-test-autoconfigure-2.3.1.RELEASE.jar;E:\maven_repository\maven_repository\com\jayway\jsonpath\json-path\2.4.0\json-path-2.4.0.jar;E:\maven_repository\maven_repository\net\minidev\json-smart\2.3\json-smart-2.3.jar;E:\maven_repository\maven_repository\net\minidev\accessors-smart\1.2\accessors-smart-1.2.jar;E:\maven_repository\maven_repository\org\ow2\asm\asm\5.0.4\asm-5.0.4.jar;E:\maven_repository\maven_repository\jakarta\xml\bind\jakarta.xml.bind-api\2.3.3\jakarta.xml.bind-api-2.3.3.jar;E:\maven_repository\maven_repository\jakarta\activation\jakarta.activation-api\1.2.2\jakarta.activation-api-1.2.2.jar;E:\maven_repository\maven_repository\org\assertj\assertj-core\3.16.1\assertj-core-3.16.1.jar;E:\maven_repository\maven_repository\org\hamcrest\hamcrest\2.2\hamcrest-2.2.jar;E:\maven_repository\maven_repository\org\junit\jupiter\junit-jupiter\5.6.2\junit-jupiter-5.6.2.jar;E:\maven_repository\maven_repository\org\junit\jupiter\junit-jupiter-api\5.6.2\junit-jupiter-api-5.6.2.jar;E:\maven_repository\maven_repository\org\apiguardian\apiguardian-api\1.1.0\apiguardian-api-1.1.0.jar;E:\maven_repository\maven_repository\org\opentest4j\opentest4j\1.2.0\opentest4j-1.2.0.jar;E:\maven_repository\maven_repository\org\junit\platform\junit-platform-commons\1.6.2\junit-platform-commons-1.6.2.jar;E:\maven_repository\maven_repository\org\junit\jupiter\junit-jupiter-params\5.6.2\junit-jupiter-params-5.6.2.jar;E:\maven_repository\maven_repository\org\junit\jupiter\junit-jupiter-engine\5.6.2\junit-jupiter-engine-5.6.2.jar;E:\maven_repository\maven_repository\org\junit\platform\junit-platform-engine\1.6.2\junit-platform-engine-1.6.2.jar;E:\maven_repository\maven_repository\org\mockito\mockito-core\3.3.3\mockito-core-3.3.3.jar;E:\maven_repository\maven_repository\net\bytebuddy\byte-buddy\1.10.11\byte-buddy-1.10.11.jar;E:\maven_repository\maven_repository\net\bytebuddy\byte-buddy-agent\1.10.11\byte-buddy-agent-1.10.11.jar;E:\maven_repository\maven_repository\org\objenesis\objenesis\2.6\objenesis-2.6.jar;E:\maven_repository\maven_repository\org\mockito\mockito-junit-jupiter\3.3.3\mockito-junit-jupiter-3.3.3.jar;E:\maven_repository\maven_repository\org\skyscreamer\jsonassert\1.5.0\jsonassert-1.5.0.jar;E:\maven_repository\maven_repository\com\vaadin\external\google\android-json\0.0.20131108.vaadin1\android-json-0.0.20131108.vaadin1.jar;E:\maven_repository\maven_repository\org\springframework\spring-core\5.2.7.RELEASE\spring-core-5.2.7.RELEASE.jar;E:\maven_repository\maven_repository\org\springframework\spring-jcl\5.2.7.RELEASE\spring-jcl-5.2.7.RELEASE.jar;E:\maven_repository\maven_repository\org\springframework\spring-test\5.2.7.RELEASE\spring-test-5.2.7.RELEASE.jar;E:\maven_repository\maven_repository\org\xmlunit\xmlunit-core\2.7.0\xmlunit-core-2.7.0.jar;E:\maven_repository\maven_repository\org\springframework\boot\spring-boot-autoconfigure\2.3.1.RELEASE\spring-boot-autoconfigure-2.3.1.RELEASE.jar;E:\maven_repository\maven_repository\junit\junit\4.13\junit-4.13.jar;E:\maven_repository\maven_repository\org\hamcrest\hamcrest-core\2.2\hamcrest-core-2.2.jar;E:\maven_repository\maven_repository\org\springframework\boot\spring-boot\2.3.1.RELEASE\spring-boot-2.3.1.RELEASE.jar;E:\maven_repository\maven_repository\org\springframework\spring-context\5.2.7.RELEASE\spring-context-5.2.7.RELEASE.jar;E:\maven_repository\maven_repository\mysql\mysql-connector-java\8.0.20\mysql-connector-java-8.0.20.jar;E:\maven_repository\maven_repository\com\alibaba\druid\1.0.9\druid-1.0.9.jar;E:\JDK8_64\jre\..\lib\jconsole.jar;E:\JDK8_64\jre\..\lib\tools.jar;E:\maven_repository\maven_repository\org\mybatis\spring\boot\mybatis-spring-boot-starter\1.3.1\mybatis-spring-boot-starter-1.3.1.jar;E:\maven_repository\maven_repository\org\springframework\boot\spring-boot-starter-jdbc\2.3.1.RELEASE\spring-boot-starter-jdbc-2.3.1.RELEASE.jar;E:\maven_repository\maven_repository\com\zaxxer\HikariCP\3.4.5\HikariCP-3.4.5.jar;E:\maven_repository\maven_repository\org\springframework\spring-jdbc\5.2.7.RELEASE\spring-jdbc-5.2.7.RELEASE.jar;E:\maven_repository\maven_repository\org\springframework\spring-tx\5.2.7.RELEASE\spring-tx-5.2.7.RELEASE.jar;E:\maven_repository\maven_repository\org\mybatis\spring\boot\mybatis-spring-boot-autoconfigure\1.3.1\mybatis-spring-boot-autoconfigure-1.3.1.jar;E:\maven_repository\maven_repository\org\mybatis\mybatis\3.4.5\mybatis-3.4.5.jar;E:\maven_repository\maven_repository\org\mybatis\mybatis-spring\1.3.1\mybatis-spring-1.3.1.jar;"/>
    <property name="sun.cpu.endian" value="little"/>
    <property name="user.home" value="C:\Users\hezhicai"/>
    <property name="user.language" value="zh"/>
    <property name="java.specification.vendor" value="Oracle Corporation"/>
    <property name="java.home" value="E:\JDK8_64\jre"/>
    <property name="basedir" value="D:\IdeaProjects\demo-boot"/>
    <property name="file.separator" value="\"/>
    <property name="line.separator" value="&#10;"/>
    <property name="java.vm.specification.vendor" value="Oracle Corporation"/>
    <property name="java.specification.name" value="Java Platform API Specification"/>
    <property name="java.awt.graphicsenv" value="sun.awt.Win32GraphicsEnvironment"/>
    <property name="idea.version2020.1.1" value="true"/>
    <property name="surefire.real.class.path" value="C:\Users\hezhicai\AppData\Local\Temp\surefire3796838114796024983\surefirebooter6836966155259190580.jar"/>
    <property name="sun.boot.class.path" value="E:\JDK8_64\jre\lib\resources.jar;E:\JDK8_64\jre\lib\rt.jar;E:\JDK8_64\jre\lib\sunrsasign.jar;E:\JDK8_64\jre\lib\jsse.jar;E:\JDK8_64\jre\lib\jce.jar;E:\JDK8_64\jre\lib\charsets.jar;E:\JDK8_64\jre\lib\jfr.jar;E:\JDK8_64\jre\classes"/>
    <property name="user.script" value=""/>
    <property name="sun.management.compiler" value="HotSpot 64-Bit Tiered Compilers"/>
    <property name="java.runtime.version" value="1.8.0_40-b25"/>
    <property name="user.name" value="hezhicai"/>
    <property name="path.separator" value=";"/>
    <property name="os.version" value="6.3"/>
    <property name="java.endorsed.dirs" value="E:\JDK8_64\jre\lib\endorsed"/>
    <property name="java.runtime.name" value="Java(TM) SE Runtime Environment"/>
    <property name="file.encoding" value="GBK"/>
    <property name="java.vm.name" value="Java HotSpot(TM) 64-Bit Server VM"/>
    <property name="localRepository" value="E:\maven_repository\maven_repository"/>
    <property name="java.vendor.url.bug" value="http://bugreport.sun.com/bugreport/"/>
    <property name="java.io.tmpdir" value="C:\Users\hezhicai\AppData\Local\Temp\"/>
    <property name="java.version" value="1.8.0_40"/>
    <property name="user.dir" value="D:\IdeaProjects\demo-boot"/>
    <property name="os.arch" value="amd64"/>
    <property name="java.vm.specification.name" value="Java Virtual Machine Specification"/>
    <property name="java.awt.printerjob" value="sun.awt.windows.WPrinterJob"/>
    <property name="sun.os.patch.level" value=""/>
    <property name="java.library.path" value="E:\JDK8_64\jre\bin;C:\WINDOWS\Sun\Java\bin;C:\WINDOWS\system32;C:\WINDOWS;C:\WINDOWS\system32;C:\WINDOWS;C:\WINDOWS\System32\Wbem;C:\WINDOWS\System32\WindowsPowerShell\v1.0\;C:\WINDOWS\System32\OpenSSH\;E:\JDK8_64\bin;E:\JDK8_64\jre\bin;E:\MySQL Server 5.5\MySQL Server 5.5\bin\bin;E:\Git\mingw64\libexec\git-core;C:\Program Files (x86)\dotnet\;C:\Program Files (x86)\GtkSharp\2.12\bin;E:\apache-maven-3.5.2-bin\apache-maven-3.5.2\bin;E:\Program Files\nodejs\;D:\Program Files\nodejs\node_global\node_modules\hexo-cli\bin;D:\Program Files\nodejs\node_global\node_modules\cnpm\bin;C:\Program Files\dotnet\;C:\Users\hezhicai\AppData\Local\Microsoft\WindowsApps;E:\Bandizip\;d:\Program Files\JetBrains\IntelliJ IDEA 2019.3.2\bin;;C:\Users\hezhicai\AppData\Roaming\npm;."/>
    <property name="java.vm.info" value="mixed mode"/>
    <property name="java.vendor" value="Oracle Corporation"/>
    <property name="java.vm.version" value="25.40-b25"/>
    <property name="java.ext.dirs" value="E:\JDK8_64\jre\lib\ext;C:\WINDOWS\Sun\Java\lib\ext"/>
    <property name="sun.io.unicode.encoding" value="UnicodeLittle"/>
    <property name="maven.repo.local" value="E:\maven_repository\maven_repository"/>
    <property name="java.class.version" value="52.0"/>
  </properties>
  <testcase name="contextLoads" classname="com.example.demo.DemoApplicationTests" time="0.309"/>
</testsuite>